<?xml version="1.0" encoding="UTF-8"?>
<coverage generated="1775353164869" clover="3.2.0">
  <project timestamp="1775353164869" name="All files">
    <metrics statements="209" coveredstatements="207" conditionals="151" coveredconditionals="136" methods="49" coveredmethods="48" elements="409" coveredelements="391" complexity="0" loc="209" ncloc="209" packages="1" files="3" classes="3"/>
    <file name="db.js" path="C:\dev\git\TheSpaSynergy\services\payment-service\src\db.js">
      <metrics statements="32" coveredstatements="32" conditionals="16" coveredconditionals="16" methods="19" coveredmethods="19"/>
      <line num="4" count="1" type="cond" truecount="2" falsecount="0"/>
      <line num="5" count="1" type="stmt"/>
      <line num="7" count="1" type="stmt"/>
      <line num="8" count="5" type="stmt"/>
      <line num="9" count="3" type="stmt"/>
      <line num="10" count="4" type="stmt"/>
      <line num="16" count="2" type="stmt"/>
      <line num="20" count="2" type="cond" truecount="2" falsecount="0"/>
      <line num="24" count="2" type="stmt"/>
      <line num="25" count="2" type="cond" truecount="2" falsecount="0"/>
      <line num="29" count="2" type="stmt"/>
      <line num="30" count="2" type="cond" truecount="2" falsecount="0"/>
      <line num="31" count="1" type="stmt"/>
      <line num="32" count="1" type="stmt"/>
      <line num="33" count="1" type="stmt"/>
      <line num="34" count="1" type="stmt"/>
      <line num="46" count="2" type="stmt"/>
      <line num="50" count="2" type="cond" truecount="2" falsecount="0"/>
      <line num="54" count="2" type="stmt"/>
      <line num="55" count="2" type="cond" truecount="2" falsecount="0"/>
      <line num="56" count="1" type="stmt"/>
      <line num="57" count="1" type="stmt"/>
      <line num="58" count="1" type="stmt"/>
      <line num="59" count="1" type="stmt"/>
      <line num="71" count="3" type="stmt"/>
      <line num="76" count="3" type="cond" truecount="2" falsecount="0"/>
      <line num="80" count="2" type="stmt"/>
      <line num="81" count="2" type="cond" truecount="2" falsecount="0"/>
      <line num="82" count="1" type="stmt"/>
      <line num="83" count="1" type="stmt"/>
      <line num="84" count="1" type="stmt"/>
      <line num="85" count="1" type="stmt"/>
    </file>
    <file name="index.js" path="C:\dev\git\TheSpaSynergy\services\payment-service\src\index.js">
      <metrics statements="160" coveredstatements="158" conditionals="123" coveredconditionals="108" methods="26" coveredmethods="25"/>
      <line num="8" count="6" type="stmt"/>
      <line num="10" count="6" type="cond" truecount="2" falsecount="0"/>
      <line num="11" count="6" type="stmt"/>
      <line num="12" count="6" type="stmt"/>
      <line num="14" count="23" type="cond" truecount="1" falsecount="1"/>
      <line num="18" count="6" type="stmt"/>
      <line num="22" count="6" type="stmt"/>
      <line num="23" count="15" type="stmt"/>
      <line num="24" count="15" type="stmt"/>
      <line num="25" count="15" type="cond" truecount="4" falsecount="0"/>
      <line num="27" count="13" type="cond" truecount="4" falsecount="0"/>
      <line num="28" count="7" type="stmt"/>
      <line num="30" count="6" type="cond" truecount="2" falsecount="0"/>
      <line num="31" count="5" type="stmt"/>
      <line num="33" count="1" type="stmt"/>
      <line num="35" count="1" type="stmt"/>
      <line num="36" count="1" type="stmt"/>
      <line num="41" count="7" type="cond" truecount="2" falsecount="0"/>
      <line num="42" count="2" type="stmt"/>
      <line num="43" count="2" type="cond" truecount="4" falsecount="0"/>
      <line num="44" count="1" type="stmt"/>
      <line num="47" count="6" type="stmt"/>
      <line num="48" count="6" type="cond" truecount="2" falsecount="0"/>
      <line num="49" count="5" type="cond" truecount="2" falsecount="0"/>
      <line num="50" count="1" type="stmt"/>
      <line num="52" count="4" type="cond" truecount="1" falsecount="1"/>
      <line num="53" count="4" type="stmt"/>
      <line num="54" count="4" type="cond" truecount="4" falsecount="0"/>
      <line num="55" count="1" type="stmt"/>
      <line num="57" count="3" type="stmt"/>
      <line num="61" count="7" type="stmt"/>
      <line num="62" count="7" type="cond" truecount="2" falsecount="0"/>
      <line num="64" count="4" type="stmt"/>
      <line num="65" count="4" type="stmt"/>
      <line num="71" count="3" type="stmt"/>
      <line num="75" count="5" type="stmt"/>
      <line num="76" count="5" type="stmt"/>
      <line num="77" count="5" type="cond" truecount="2" falsecount="0"/>
      <line num="80" count="4" type="stmt"/>
      <line num="81" count="4" type="stmt"/>
      <line num="82" count="9" type="cond" truecount="2" falsecount="0"/>
      <line num="84" count="8" type="stmt"/>
      <line num="87" count="4" type="stmt"/>
      <line num="88" count="8" type="stmt"/>
      <line num="89" count="5" type="stmt"/>
      <line num="91" count="5" type="stmt"/>
      <line num="92" count="4" type="cond" truecount="2" falsecount="0"/>
      <line num="94" count="5" type="stmt"/>
      <line num="95" count="6" type="stmt"/>
      <line num="98" count="3" type="cond" truecount="2" falsecount="0"/>
      <line num="99" count="2" type="stmt"/>
      <line num="100" count="2" type="stmt"/>
      <line num="101" count="2" type="stmt"/>
      <line num="102" count="2" type="stmt"/>
      <line num="105" count="1" type="stmt"/>
      <line num="106" count="1" type="stmt"/>
      <line num="107" count="2" type="stmt"/>
      <line num="108" count="1" type="stmt"/>
      <line num="112" count="3" type="cond" truecount="1" falsecount="1"/>
      <line num="113" count="3" type="stmt"/>
      <line num="120" count="3" type="stmt"/>
      <line num="125" count="6" type="stmt"/>
      <line num="126" count="5" type="stmt"/>
      <line num="127" count="5" type="cond" truecount="2" falsecount="0"/>
      <line num="129" count="4" type="stmt"/>
      <line num="130" count="4" type="stmt"/>
      <line num="131" count="4" type="cond" truecount="2" falsecount="0"/>
      <line num="133" count="3" type="stmt"/>
      <line num="134" count="3" type="stmt"/>
      <line num="135" count="3" type="stmt"/>
      <line num="136" count="3" type="cond" truecount="2" falsecount="0"/>
      <line num="138" count="3" type="stmt"/>
      <line num="143" count="6" type="stmt"/>
      <line num="144" count="11" type="stmt"/>
      <line num="145" count="11" type="stmt"/>
      <line num="146" count="11" type="stmt"/>
      <line num="147" count="11" type="cond" truecount="2" falsecount="0"/>
      <line num="148" count="10" type="cond" truecount="4" falsecount="0"/>
      <line num="151" count="9" type="stmt"/>
      <line num="152" count="9" type="stmt"/>
      <line num="153" count="8" type="stmt"/>
      <line num="154" count="8" type="cond" truecount="2" falsecount="0"/>
      <line num="156" count="1" type="stmt"/>
      <line num="159" count="8" type="stmt"/>
      <line num="160" count="8" type="stmt"/>
      <line num="161" count="8" type="cond" truecount="4" falsecount="0"/>
      <line num="163" count="7" type="stmt"/>
      <line num="164" count="7" type="stmt"/>
      <line num="168" count="6" type="cond" truecount="2" falsecount="0"/>
      <line num="170" count="5" type="stmt"/>
      <line num="171" count="5" type="stmt"/>
      <line num="172" count="5" type="stmt"/>
      <line num="173" count="5" type="stmt"/>
      <line num="174" count="4" type="stmt"/>
      <line num="175" count="4" type="cond" truecount="3" falsecount="0"/>
      <line num="176" count="1" type="stmt"/>
      <line num="177" count="5" type="cond" truecount="2" falsecount="0"/>
      <line num="179" count="3" type="stmt"/>
      <line num="189" count="3" type="cond" truecount="2" falsecount="0"/>
      <line num="190" count="1" type="stmt"/>
      <line num="191" count="1" type="stmt"/>
      <line num="193" count="2" type="stmt"/>
      <line num="194" count="2" type="stmt"/>
      <line num="196" count="1" type="stmt"/>
      <line num="197" count="1" type="cond" truecount="1" falsecount="1"/>
      <line num="203" count="6" type="stmt"/>
      <line num="204" count="8" type="stmt"/>
      <line num="205" count="8" type="stmt"/>
      <line num="206" count="8" type="cond" truecount="4" falsecount="0"/>
      <line num="208" count="7" type="stmt"/>
      <line num="209" count="7" type="stmt"/>
      <line num="210" count="7" type="stmt"/>
      <line num="216" count="7" type="cond" truecount="2" falsecount="0"/>
      <line num="217" count="3" type="stmt"/>
      <line num="218" count="3" type="cond" truecount="2" falsecount="0"/>
      <line num="219" count="2" type="cond" truecount="4" falsecount="1"/>
      <line num="220" count="2" type="stmt"/>
      <line num="221" count="2" type="stmt"/>
      <line num="222" count="2" type="stmt"/>
      <line num="223" count="1" type="stmt"/>
      <line num="225" count="2" type="stmt"/>
      <line num="226" count="2" type="stmt"/>
      <line num="229" count="4" type="stmt"/>
      <line num="230" count="3" type="cond" truecount="5" falsecount="0"/>
      <line num="231" count="2" type="stmt"/>
      <line num="232" count="2" type="stmt"/>
      <line num="233" count="2" type="stmt"/>
      <line num="234" count="1" type="stmt"/>
      <line num="236" count="3" type="stmt"/>
      <line num="237" count="3" type="stmt"/>
      <line num="239" count="1" type="stmt"/>
      <line num="240" count="1" type="cond" truecount="1" falsecount="1"/>
      <line num="246" count="6" type="stmt"/>
      <line num="247" count="7" type="stmt"/>
      <line num="248" count="7" type="stmt"/>
      <line num="249" count="7" type="stmt"/>
      <line num="250" count="7" type="stmt"/>
      <line num="251" count="7" type="cond" truecount="1" falsecount="1"/>
      <line num="253" count="7" type="cond" truecount="2" falsecount="0"/>
      <line num="254" count="1" type="stmt"/>
      <line num="257" count="6" type="stmt"/>
      <line num="258" count="5" type="cond" truecount="4" falsecount="0"/>
      <line num="259" count="4" type="stmt"/>
      <line num="260" count="4" type="cond" truecount="1" falsecount="1"/>
      <line num="261" count="4" type="stmt"/>
      <line num="262" count="4" type="cond" truecount="2" falsecount="0"/>
      <line num="263" count="3" type="stmt"/>
      <line num="264" count="3" type="cond" truecount="2" falsecount="0"/>
      <line num="265" count="2" type="stmt"/>
      <line num="266" count="2" type="cond" truecount="1" falsecount="1"/>
      <line num="267" count="2" type="stmt"/>
      <line num="268" count="2" type="cond" truecount="4" falsecount="0"/>
      <line num="269" count="2" type="stmt"/>
      <line num="274" count="5" type="stmt"/>
      <line num="276" count="1" type="stmt"/>
      <line num="277" count="1" type="stmt"/>
      <line num="287" count="6" type="stmt"/>
      <line num="288" count="6" type="cond" truecount="1" falsecount="1"/>
      <line num="289" count="0" type="cond" truecount="0" falsecount="2"/>
      <line num="290" count="0" type="stmt"/>
    </file>
    <file name="square-core.js" path="C:\dev\git\TheSpaSynergy\services\payment-service\src\square-core.js">
      <metrics statements="17" coveredstatements="17" conditionals="12" coveredconditionals="12" methods="4" coveredmethods="4"/>
      <line num="4" count="3" type="stmt"/>
      <line num="5" count="3" type="stmt"/>
      <line num="6" count="3" type="cond" truecount="2" falsecount="0"/>
      <line num="8" count="2" type="stmt"/>
      <line num="9" count="2" type="cond" truecount="2" falsecount="0"/>
      <line num="12" count="2" type="stmt"/>
      <line num="13" count="2" type="stmt"/>
      <line num="14" count="2" type="stmt"/>
      <line num="18" count="3" type="stmt"/>
      <line num="19" count="3" type="stmt"/>
      <line num="20" count="2" type="cond" truecount="2" falsecount="0"/>
      <line num="21" count="1" type="stmt"/>
      <line num="25" count="4" type="cond" truecount="4" falsecount="0"/>
      <line num="26" count="2" type="stmt"/>
      <line num="27" count="2" type="stmt"/>
      <line num="28" count="2" type="stmt"/>
      <line num="32" count="3" type="cond" truecount="2" falsecount="0"/>
    </file>
  </project>
</coverage>
