TN:
SF:src\db.js
FN:8,(anonymous_0)
FN:9,(anonymous_1)
FN:10,(anonymous_2)
FN:15,getVendor
FN:23,listVendors
FN:28,updateVendor
FN:31,(anonymous_6)
FN:32,(anonymous_7)
FN:33,(anonymous_8)
FN:45,getStaff
FN:53,updateStaff
FN:56,(anonymous_11)
FN:57,(anonymous_12)
FN:58,(anonymous_13)
FN:70,findAppointmentByPaymentId
FN:79,updateAppointment
FN:82,(anonymous_16)
FN:83,(anonymous_17)
FN:84,(anonymous_18)
FNF:19
FNH:19
FNDA:5,(anonymous_0)
FNDA:3,(anonymous_1)
FNDA:4,(anonymous_2)
FNDA:2,getVendor
FNDA:2,listVendors
FNDA:2,updateVendor
FNDA:1,(anonymous_6)
FNDA:1,(anonymous_7)
FNDA:1,(anonymous_8)
FNDA:2,getStaff
FNDA:2,updateStaff
FNDA:1,(anonymous_11)
FNDA:1,(anonymous_12)
FNDA:1,(anonymous_13)
FNDA:3,findAppointmentByPaymentId
FNDA:2,updateAppointment
FNDA:1,(anonymous_16)
FNDA:1,(anonymous_17)
FNDA:1,(anonymous_18)
DA:4,1
DA:5,1
DA:7,1
DA:8,5
DA:9,3
DA:10,4
DA:16,2
DA:20,2
DA:24,2
DA:25,2
DA:29,2
DA:30,2
DA:31,1
DA:32,1
DA:33,1
DA:34,1
DA:46,2
DA:50,2
DA:54,2
DA:55,2
DA:56,1
DA:57,1
DA:58,1
DA:59,1
DA:71,3
DA:76,3
DA:80,2
DA:81,2
DA:82,1
DA:83,1
DA:84,1
DA:85,1
LF:32
LH:32
BRDA:4,0,0,1
BRDA:4,0,1,1
BRDA:20,1,0,2
BRDA:20,1,1,1
BRDA:25,2,0,2
BRDA:25,2,1,1
BRDA:30,3,0,1
BRDA:30,3,1,1
BRDA:50,4,0,2
BRDA:50,4,1,1
BRDA:55,5,0,1
BRDA:55,5,1,1
BRDA:76,6,0,3
BRDA:76,6,1,2
BRDA:81,7,0,1
BRDA:81,7,1,1
BRF:16
BRH:16
end_of_record
TN:
SF:src\index.js
FN:10,(anonymous_0)
FN:14,(anonymous_1)
FN:18,(anonymous_2)
FN:22,(anonymous_3)
FN:40,resolveSquareCredentials
FN:60,handleSinglePayment
FN:74,handleBundlePayment
FN:76,(anonymous_7)
FN:81,(anonymous_8)
FN:84,(anonymous_9)
FN:88,(anonymous_10)
FN:89,(anonymous_11)
FN:91,(anonymous_12)
FN:92,(anonymous_13)
FN:94,(anonymous_14)
FN:95,(anonymous_15)
FN:100,(anonymous_16)
FN:101,(anonymous_17)
FN:106,(anonymous_18)
FN:107,(anonymous_19)
FN:125,(anonymous_20)
FN:143,(anonymous_21)
FN:174,(anonymous_22)
FN:203,(anonymous_23)
FN:246,(anonymous_24)
FN:290,(anonymous_25)
FNF:26
FNH:25
FNDA:6,(anonymous_0)
FNDA:23,(anonymous_1)
FNDA:1,(anonymous_2)
FNDA:15,(anonymous_3)
FNDA:7,resolveSquareCredentials
FNDA:7,handleSinglePayment
FNDA:5,handleBundlePayment
FNDA:5,(anonymous_7)
FNDA:9,(anonymous_8)
FNDA:8,(anonymous_9)
FNDA:8,(anonymous_10)
FNDA:5,(anonymous_11)
FNDA:5,(anonymous_12)
FNDA:1,(anonymous_13)
FNDA:5,(anonymous_14)
FNDA:6,(anonymous_15)
FNDA:2,(anonymous_16)
FNDA:2,(anonymous_17)
FNDA:1,(anonymous_18)
FNDA:2,(anonymous_19)
FNDA:5,(anonymous_20)
FNDA:11,(anonymous_21)
FNDA:3,(anonymous_22)
FNDA:8,(anonymous_23)
FNDA:7,(anonymous_24)
FNDA:0,(anonymous_25)
DA:8,6
DA:10,6
DA:11,6
DA:12,6
DA:14,23
DA:18,6
DA:22,6
DA:23,15
DA:24,15
DA:25,15
DA:27,13
DA:28,7
DA:30,6
DA:31,5
DA:33,1
DA:35,1
DA:36,1
DA:41,7
DA:42,2
DA:43,2
DA:44,1
DA:47,6
DA:48,6
DA:49,5
DA:50,1
DA:52,4
DA:53,4
DA:54,4
DA:55,1
DA:57,3
DA:61,7
DA:62,7
DA:64,4
DA:65,4
DA:71,3
DA:75,5
DA:76,5
DA:77,5
DA:80,4
DA:81,4
DA:82,9
DA:84,8
DA:87,4
DA:88,8
DA:89,5
DA:91,5
DA:92,4
DA:94,5
DA:95,6
DA:98,3
DA:99,2
DA:100,2
DA:101,2
DA:102,2
DA:105,1
DA:106,1
DA:107,2
DA:108,1
DA:112,3
DA:113,3
DA:120,3
DA:125,6
DA:126,5
DA:127,5
DA:129,4
DA:130,4
DA:131,4
DA:133,3
DA:134,3
DA:135,3
DA:136,3
DA:138,3
DA:143,6
DA:144,11
DA:145,11
DA:146,11
DA:147,11
DA:148,10
DA:151,9
DA:152,9
DA:153,8
DA:154,8
DA:156,1
DA:159,8
DA:160,8
DA:161,8
DA:163,7
DA:164,7
DA:168,6
DA:170,5
DA:171,5
DA:172,5
DA:173,5
DA:174,4
DA:175,4
DA:176,1
DA:177,5
DA:179,3
DA:189,3
DA:190,1
DA:191,1
DA:193,2
DA:194,2
DA:196,1
DA:197,1
DA:203,6
DA:204,8
DA:205,8
DA:206,8
DA:208,7
DA:209,7
DA:210,7
DA:216,7
DA:217,3
DA:218,3
DA:219,2
DA:220,2
DA:221,2
DA:222,2
DA:223,1
DA:225,2
DA:226,2
DA:229,4
DA:230,3
DA:231,2
DA:232,2
DA:233,2
DA:234,1
DA:236,3
DA:237,3
DA:239,1
DA:240,1
DA:246,6
DA:247,7
DA:248,7
DA:249,7
DA:250,7
DA:251,7
DA:253,7
DA:254,1
DA:257,6
DA:258,5
DA:259,4
DA:260,4
DA:261,4
DA:262,4
DA:263,3
DA:264,3
DA:265,2
DA:266,2
DA:267,2
DA:268,2
DA:269,2
DA:274,5
DA:276,1
DA:277,1
DA:287,6
DA:288,6
DA:289,0
DA:290,0
LF:160
LH:158
BRDA:10,0,0,6
BRDA:10,0,1,6
BRDA:14,1,0,0
BRDA:14,1,1,23
BRDA:25,2,0,2
BRDA:25,2,1,13
BRDA:25,3,0,15
BRDA:25,3,1,14
BRDA:27,4,0,7
BRDA:27,4,1,6
BRDA:27,5,0,13
BRDA:27,5,1,7
BRDA:30,6,0,5
BRDA:30,6,1,1
BRDA:41,7,0,2
BRDA:41,7,1,5
BRDA:43,8,0,1
BRDA:43,8,1,1
BRDA:43,9,0,2
BRDA:43,9,1,1
BRDA:48,10,0,1
BRDA:48,10,1,5
BRDA:49,11,0,1
BRDA:49,11,1,4
BRDA:52,12,0,4
BRDA:52,12,1,0
BRDA:54,13,0,1
BRDA:54,13,1,3
BRDA:54,14,0,4
BRDA:54,14,1,4
BRDA:62,15,0,3
BRDA:62,15,1,4
BRDA:77,16,0,1
BRDA:77,16,1,4
BRDA:82,17,0,9
BRDA:82,17,1,8
BRDA:92,18,0,1
BRDA:92,18,1,3
BRDA:98,19,0,2
BRDA:98,19,1,1
BRDA:112,20,0,3
BRDA:112,20,1,0
BRDA:118,21,0,3
BRDA:118,21,1,0
BRDA:127,22,0,1
BRDA:127,22,1,4
BRDA:131,23,0,1
BRDA:131,23,1,3
BRDA:136,24,0,2
BRDA:136,24,1,1
BRDA:147,25,0,1
BRDA:147,25,1,10
BRDA:148,26,0,1
BRDA:148,26,1,9
BRDA:148,27,0,10
BRDA:148,27,1,10
BRDA:154,28,0,8
BRDA:154,28,1,7
BRDA:161,29,0,1
BRDA:161,29,1,7
BRDA:161,30,0,8
BRDA:161,30,1,8
BRDA:168,31,0,1
BRDA:168,31,1,5
BRDA:175,32,0,4
BRDA:175,32,1,2
BRDA:175,32,2,1
BRDA:177,33,0,2
BRDA:177,33,1,3
BRDA:181,34,0,3
BRDA:181,34,1,0
BRDA:182,35,0,3
BRDA:182,35,1,0
BRDA:185,36,0,3
BRDA:185,36,1,2
BRDA:189,37,0,1
BRDA:189,37,1,2
BRDA:197,38,0,1
BRDA:197,38,1,0
BRDA:206,39,0,1
BRDA:206,39,1,7
BRDA:206,40,0,8
BRDA:206,40,1,4
BRDA:216,41,0,3
BRDA:216,41,1,4
BRDA:218,42,0,1
BRDA:218,42,1,2
BRDA:219,43,0,2
BRDA:219,43,1,0
BRDA:219,44,0,2
BRDA:219,44,1,2
BRDA:219,44,2,2
BRDA:230,45,0,2
BRDA:230,45,1,1
BRDA:230,46,0,3
BRDA:230,46,1,2
BRDA:230,46,2,2
BRDA:240,47,0,1
BRDA:240,47,1,0
BRDA:251,48,0,7
BRDA:251,48,1,0
BRDA:253,49,0,1
BRDA:253,49,1,6
BRDA:258,50,0,4
BRDA:258,50,1,1
BRDA:258,51,0,5
BRDA:258,51,1,4
BRDA:260,52,0,4
BRDA:260,52,1,0
BRDA:262,53,0,3
BRDA:262,53,1,1
BRDA:264,54,0,2
BRDA:264,54,1,1
BRDA:266,55,0,2
BRDA:266,55,1,0
BRDA:268,56,0,1
BRDA:268,56,1,1
BRDA:268,57,0,2
BRDA:268,57,1,2
BRDA:288,58,0,0
BRDA:288,58,1,6
BRDA:289,59,0,0
BRDA:289,59,1,0
BRF:123
BRH:108
end_of_record
TN:
SF:src\square-core.js
FN:3,buildOAuthUrl
FN:17,decodeOAuthState
FN:24,verifyWebhookSignature
FN:31,squareEnv
FNF:4
FNH:4
FNDA:3,buildOAuthUrl
FNDA:3,decodeOAuthState
FNDA:4,verifyWebhookSignature
FNDA:3,squareEnv
DA:4,3
DA:5,3
DA:6,3
DA:8,2
DA:9,2
DA:12,2
DA:13,2
DA:14,2
DA:18,3
DA:19,3
DA:20,2
DA:21,1
DA:25,4
DA:26,2
DA:27,2
DA:28,2
DA:32,3
LF:17
LH:17
BRDA:6,0,0,1
BRDA:6,0,1,2
BRDA:9,1,0,1
BRDA:9,1,1,1
BRDA:20,2,0,1
BRDA:20,2,1,1
BRDA:25,3,0,2
BRDA:25,3,1,2
BRDA:25,4,0,4
BRDA:25,4,1,3
BRDA:32,5,0,1
BRDA:32,5,1,2
BRF:12
BRH:12
end_of_record
